  main.cpp
d:\dev\forlearning\algoexercise\leetcode\algoc++\algoc++\main.cpp(224): warning C4018: “<”: 有符号/无符号不匹配
d:\dev\forlearning\algoexercise\leetcode\algoc++\algoc++\main.cpp(227): warning C4018: “<”: 有符号/无符号不匹配
d:\dev\forlearning\algoexercise\leetcode\algoc++\algoc++\main.cpp(234): warning C4018: “<”: 有符号/无符号不匹配
d:\dev\forlearning\algoexercise\leetcode\algoc++\algoc++\main.cpp(241): warning C4018: “<”: 有符号/无符号不匹配
d:\dev\forlearning\algoexercise\leetcode\algoc++\algoc++\main.cpp(316): warning C4018: “<”: 有符号/无符号不匹配
d:\dev\forlearning\algoexercise\leetcode\algoc++\algoc++\main.cpp(319): warning C4018: “<”: 有符号/无符号不匹配
d:\dev\forlearning\algoexercise\leetcode\algoc++\algoc++\main.cpp(367): warning C4018: “<”: 有符号/无符号不匹配
d:\dev\forlearning\algoexercise\leetcode\algoc++\algoc++\main.cpp(437): warning C4018: “<”: 有符号/无符号不匹配
d:\dev\forlearning\algoexercise\leetcode\algoc++\algoc++\main.cpp(455): warning C4018: “<”: 有符号/无符号不匹配
d:\dev\forlearning\algoexercise\leetcode\algoc++\algoc++\main.cpp(457): warning C4018: “<”: 有符号/无符号不匹配
d:\dev\forlearning\algoexercise\leetcode\algoc++\algoc++\main.cpp(466): warning C4018: “<”: 有符号/无符号不匹配
d:\dev\forlearning\algoexercise\leetcode\algoc++\algoc++\main.cpp(473): warning C4018: “>”: 有符号/无符号不匹配
d:\dev\forlearning\algoexercise\leetcode\algoc++\algoc++\main.cpp(533): warning C4018: “<”: 有符号/无符号不匹配
d:\dev\forlearning\algoexercise\leetcode\algoc++\algoc++\main.cpp(587): warning C4018: “<”: 有符号/无符号不匹配
d:\dev\forlearning\algoexercise\leetcode\algoc++\algoc++\main.cpp(636): warning C4018: “<”: 有符号/无符号不匹配
d:\dev\forlearning\algoexercise\leetcode\algoc++\algoc++\main.cpp(649): warning C4018: “<”: 有符号/无符号不匹配
d:\dev\forlearning\algoexercise\leetcode\algoc++\algoc++\main.cpp(663): warning C4554: “&”: 检查运算符优先级是否存在的可能的错误；使用括号阐明优先级
d:\dev\forlearning\algoexercise\leetcode\algoc++\algoc++\main.cpp(719): warning C4018: “<”: 有符号/无符号不匹配
d:\dev\forlearning\algoexercise\leetcode\algoc++\algoc++\main.cpp(762): warning C4018: “<”: 有符号/无符号不匹配
d:\dev\forlearning\algoexercise\leetcode\algoc++\algoc++\main.cpp(764): warning C4018: “<”: 有符号/无符号不匹配
d:\dev\forlearning\algoexercise\leetcode\algoc++\algoc++\main.cpp(794): warning C4018: “<”: 有符号/无符号不匹配
d:\dev\forlearning\algoexercise\leetcode\algoc++\algoc++\main.cpp(825): warning C4018: “<”: 有符号/无符号不匹配
d:\dev\forlearning\algoexercise\leetcode\algoc++\algoc++\main.cpp(864): warning C4018: “<”: 有符号/无符号不匹配
d:\dev\forlearning\algoexercise\leetcode\algoc++\algoc++\main.cpp(870): warning C4018: “<”: 有符号/无符号不匹配
d:\dev\forlearning\algoexercise\leetcode\algoc++\algoc++\main.cpp(894): warning C4552: ”>>“: 未使用表达式结果
d:\dev\forlearning\algoexercise\leetcode\algoc++\algoc++\main.cpp(954): warning C4018: “<”: 有符号/无符号不匹配
d:\dev\forlearning\algoexercise\leetcode\algoc++\algoc++\main.cpp(957): warning C4018: “<”: 有符号/无符号不匹配
d:\dev\forlearning\algoexercise\leetcode\algoc++\algoc++\main.cpp(1000): warning C4018: “<”: 有符号/无符号不匹配
d:\dev\forlearning\algoexercise\leetcode\algoc++\algoc++\main.cpp(1145): warning C4018: “<”: 有符号/无符号不匹配
d:\dev\forlearning\algoexercise\leetcode\algoc++\algoc++\main.cpp(1148): warning C4018: “<”: 有符号/无符号不匹配
d:\dev\forlearning\algoexercise\leetcode\algoc++\algoc++\main.cpp(1198): warning C4018: “<”: 有符号/无符号不匹配
d:\dev\forlearning\algoexercise\leetcode\algoc++\algoc++\main.cpp(1206): warning C4018: “<”: 有符号/无符号不匹配
d:\dev\forlearning\algoexercise\leetcode\algoc++\algoc++\main.cpp(1209): warning C4018: “<”: 有符号/无符号不匹配
d:\dev\forlearning\algoexercise\leetcode\algoc++\algoc++\main.cpp(1328): warning C4018: “<”: 有符号/无符号不匹配
d:\dev\forlearning\algoexercise\leetcode\algoc++\algoc++\main.cpp(1336): warning C4018: “<”: 有符号/无符号不匹配
d:\dev\forlearning\algoexercise\leetcode\algoc++\algoc++\main.cpp(1357): warning C4554: “|”: 检查运算符优先级是否存在的可能的错误；使用括号阐明优先级
d:\dev\forlearning\algoexercise\leetcode\algoc++\algoc++\main.cpp(1358): warning C4552: ”<<“: 未使用表达式结果
d:\dev\forlearning\algoexercise\leetcode\algoc++\algoc++\main.cpp(1366): warning C4018: “<”: 有符号/无符号不匹配
d:\dev\forlearning\algoexercise\leetcode\algoc++\algoc++\main.cpp(1372): warning C4018: “<”: 有符号/无符号不匹配
  正在生成代码
  264 of 398 functions (66.3%) were compiled, the rest were copied from previous compilation.
    1 functions were new in current compilation
    9 functions had inline decision re-evaluated but remain unchanged
  已完成代码的生成
  AlgoC++.vcxproj -> D:\Dev\forLearning\AlgoExercise\LeetCode\AlgoC++\Release\AlgoC++.exe
