  main.cpp
d:\dev\forlearning\algoexercise\leetcode\algoc++\algoc++\main.cpp(220): warning C4018: “<”: 有符号/无符号不匹配
d:\dev\forlearning\algoexercise\leetcode\algoc++\algoc++\main.cpp(223): warning C4018: “<”: 有符号/无符号不匹配
d:\dev\forlearning\algoexercise\leetcode\algoc++\algoc++\main.cpp(230): warning C4018: “<”: 有符号/无符号不匹配
d:\dev\forlearning\algoexercise\leetcode\algoc++\algoc++\main.cpp(237): warning C4018: “<”: 有符号/无符号不匹配
d:\dev\forlearning\algoexercise\leetcode\algoc++\algoc++\main.cpp(312): warning C4018: “<”: 有符号/无符号不匹配
d:\dev\forlearning\algoexercise\leetcode\algoc++\algoc++\main.cpp(315): warning C4018: “<”: 有符号/无符号不匹配
d:\dev\forlearning\algoexercise\leetcode\algoc++\algoc++\main.cpp(363): warning C4018: “<”: 有符号/无符号不匹配
d:\dev\forlearning\algoexercise\leetcode\algoc++\algoc++\main.cpp(433): warning C4018: “<”: 有符号/无符号不匹配
d:\dev\forlearning\algoexercise\leetcode\algoc++\algoc++\main.cpp(451): warning C4018: “<”: 有符号/无符号不匹配
d:\dev\forlearning\algoexercise\leetcode\algoc++\algoc++\main.cpp(453): warning C4018: “<”: 有符号/无符号不匹配
d:\dev\forlearning\algoexercise\leetcode\algoc++\algoc++\main.cpp(462): warning C4018: “<”: 有符号/无符号不匹配
d:\dev\forlearning\algoexercise\leetcode\algoc++\algoc++\main.cpp(469): warning C4018: “>”: 有符号/无符号不匹配
d:\dev\forlearning\algoexercise\leetcode\algoc++\algoc++\main.cpp(529): warning C4018: “<”: 有符号/无符号不匹配
d:\dev\forlearning\algoexercise\leetcode\algoc++\algoc++\main.cpp(583): warning C4018: “<”: 有符号/无符号不匹配
d:\dev\forlearning\algoexercise\leetcode\algoc++\algoc++\main.cpp(632): warning C4018: “<”: 有符号/无符号不匹配
d:\dev\forlearning\algoexercise\leetcode\algoc++\algoc++\main.cpp(645): warning C4018: “<”: 有符号/无符号不匹配
d:\dev\forlearning\algoexercise\leetcode\algoc++\algoc++\main.cpp(659): warning C4554: “&”: 检查运算符优先级是否存在的可能的错误；使用括号阐明优先级
d:\dev\forlearning\algoexercise\leetcode\algoc++\algoc++\main.cpp(715): warning C4018: “<”: 有符号/无符号不匹配
d:\dev\forlearning\algoexercise\leetcode\algoc++\algoc++\main.cpp(758): warning C4018: “<”: 有符号/无符号不匹配
d:\dev\forlearning\algoexercise\leetcode\algoc++\algoc++\main.cpp(760): warning C4018: “<”: 有符号/无符号不匹配
d:\dev\forlearning\algoexercise\leetcode\algoc++\algoc++\main.cpp(790): warning C4018: “<”: 有符号/无符号不匹配
d:\dev\forlearning\algoexercise\leetcode\algoc++\algoc++\main.cpp(821): warning C4018: “<”: 有符号/无符号不匹配
d:\dev\forlearning\algoexercise\leetcode\algoc++\algoc++\main.cpp(860): warning C4018: “<”: 有符号/无符号不匹配
d:\dev\forlearning\algoexercise\leetcode\algoc++\algoc++\main.cpp(866): warning C4018: “<”: 有符号/无符号不匹配
d:\dev\forlearning\algoexercise\leetcode\algoc++\algoc++\main.cpp(890): warning C4552: ”>>“: 未使用表达式结果
d:\dev\forlearning\algoexercise\leetcode\algoc++\algoc++\main.cpp(950): warning C4018: “<”: 有符号/无符号不匹配
d:\dev\forlearning\algoexercise\leetcode\algoc++\algoc++\main.cpp(953): warning C4018: “<”: 有符号/无符号不匹配
d:\dev\forlearning\algoexercise\leetcode\algoc++\algoc++\main.cpp(996): warning C4018: “<”: 有符号/无符号不匹配
d:\dev\forlearning\algoexercise\leetcode\algoc++\algoc++\main.cpp(1141): warning C4018: “<”: 有符号/无符号不匹配
d:\dev\forlearning\algoexercise\leetcode\algoc++\algoc++\main.cpp(1144): warning C4018: “<”: 有符号/无符号不匹配
d:\dev\forlearning\algoexercise\leetcode\algoc++\algoc++\main.cpp(1194): warning C4018: “<”: 有符号/无符号不匹配
d:\dev\forlearning\algoexercise\leetcode\algoc++\algoc++\main.cpp(1202): warning C4018: “<”: 有符号/无符号不匹配
d:\dev\forlearning\algoexercise\leetcode\algoc++\algoc++\main.cpp(1205): warning C4018: “<”: 有符号/无符号不匹配
d:\dev\forlearning\algoexercise\leetcode\algoc++\algoc++\main.cpp(1239): warning C4715: “binaryTreePaths”: 不是所有的控件路径都返回值
  AlgoC++.vcxproj -> D:\Dev\forLearning\AlgoExercise\LeetCode\AlgoC++\Debug\AlgoC++.exe
